<?xml version="1.0" encoding="UTF-8"?>
<testsuite xmlns:xsi="http://www.w3.org/2001/XMLSchema-instance" xsi:noNamespaceSchemaLocation="https://maven.apache.org/surefire/maven-surefire-plugin/xsd/surefire-test-report-3.0.xsd" version="3.0" name="com.training.bad.OrderProcessorTest" time="0.708" tests="9" errors="0" skipped="0" failures="0">
  <properties>
[...]
</properties>
  <testcase name="orderBuilder_withoutPayment_shouldThrow" classname="com.training.bad.OrderProcessorTest" time="0.327"/>
  <testcase name="paypalOrder_shouldSucceed" classname="com.training.bad.OrderProcessorTest" time="0.234">
    <system-out><![CDATA[22:18:31 [INFO] c.t.b.FakePaymentGateway - [STUB] POST https://api.paypal.com/v1/payments/payment
22:18:31 [INFO] c.t.b.FakePaymentGateway - [STUB] Charging PayPal account bob@example.com | amount: $21.59
22:18:31 [INFO] c.t.b.FakePaymentGateway - [STUB] POST https://analytics.company.com/api/event
22:18:31 [INFO] c.t.b.FakePaymentGateway - [STUB] event=order_placed order_id=1 value=21.59 customer_id=2
]]></system-out>
  </testcase>
  <testcase name="invalidRequest_shouldFailInController" classname="com.training.bad.OrderProcessorTest" time="0.014"/>
  <testcase name="outOfStock_shouldFail" classname="com.training.bad.OrderProcessorTest" time="0.028"/>
  <testcase name="discountCalculator_shouldApplySameRules" classname="com.training.bad.OrderProcessorTest" time="0.019"/>
  <testcase name="bankTransfer_shouldSucceed" classname="com.training.bad.OrderProcessorTest" time="0.019">
    <system-out><![CDATA[22:18:31 [INFO] c.t.b.FakePaymentGateway - [STUB] POST https://banking-api.com/transfer
22:18:31 [INFO] c.t.b.FakePaymentGateway - [STUB] ACH transfer from account ...5678 routing 123456789 | amount: $83.69
22:18:31 [INFO] c.t.b.FakePaymentGateway - [STUB] POST https://analytics.company.com/api/event
22:18:31 [INFO] c.t.b.FakePaymentGateway - [STUB] event=order_placed order_id=1 value=83.69 customer_id=1
]]></system-out>
  </testcase>
  <testcase name="declinedCard_shouldFail" classname="com.training.bad.OrderProcessorTest" time="0.011">
    <system-out><![CDATA[22:18:31 [INFO] c.t.b.FakePaymentGateway - [STUB] POST https://payment-gateway.com/api/charge
22:18:31 [INFO] c.t.b.FakePaymentGateway - [STUB] Charging card **** **** **** 0000 | amount: $29.69
]]></system-out>
  </testcase>
  <testcase name="missingProduct_shouldFail" classname="com.training.bad.OrderProcessorTest" time="0.01"/>
  <testcase name="creditCardOrder_shouldSucceed" classname="com.training.bad.OrderProcessorTest" time="0.01">
    <system-out><![CDATA[22:18:31 [INFO] c.t.b.FakePaymentGateway - [STUB] POST https://payment-gateway.com/api/charge
22:18:31 [INFO] c.t.b.FakePaymentGateway - [STUB] Charging card **** **** **** 1111 | amount: $29.69
22:18:31 [INFO] c.t.b.FakePaymentGateway - [STUB] POST https://analytics.company.com/api/event
22:18:31 [INFO] c.t.b.FakePaymentGateway - [STUB] event=order_placed order_id=1 value=29.69 customer_id=1
]]></system-out>
  </testcase>
</testsuite>